0 info it worked if it ends with ok
1 verbose cli [ '/usr/local/bin/node', '/usr/local/bin/npm', 'run', 'build' ]
2 info using npm@3.10.10
3 info using node@v6.11.4
4 verbose run-script [ 'prebuild', 'build', 'postbuild' ]
5 info lifecycle SolarArray@~prebuild: SolarArray@
6 silly lifecycle SolarArray@~prebuild: no script for prebuild, continuing
7 info lifecycle SolarArray@~build: SolarArray@
8 verbose lifecycle SolarArray@~build: unsafe-perm in lifecycle true
9 verbose lifecycle SolarArray@~build: PATH: /usr/local/lib/node_modules/npm/bin/node-gyp-bin:/Users/billykwon/Desktop/SolarArrayUI/node_modules/.bin:/usr/bin:/bin:/usr/sbin:/sbin:/usr/local/bin:/opt/X11/bin:/usr/local/git/bin:/Library/TeX/texbin
10 verbose lifecycle SolarArray@~build: CWD: /Users/billykwon/Desktop/SolarArrayUI
11 silly lifecycle SolarArray@~build: Args: [ '-c', 'webpack' ]
12 silly lifecycle SolarArray@~build: Returned: code: 1  signal: null
13 info lifecycle SolarArray@~build: Failed to exec build script
14 verbose stack Error: SolarArray@ build: `webpack`
14 verbose stack Exit status 1
14 verbose stack     at EventEmitter.<anonymous> (/usr/local/lib/node_modules/npm/lib/utils/lifecycle.js:255:16)
14 verbose stack     at emitTwo (events.js:106:13)
14 verbose stack     at EventEmitter.emit (events.js:191:7)
14 verbose stack     at ChildProcess.<anonymous> (/usr/local/lib/node_modules/npm/lib/utils/spawn.js:40:14)
14 verbose stack     at emitTwo (events.js:106:13)
14 verbose stack     at ChildProcess.emit (events.js:191:7)
14 verbose stack     at maybeClose (internal/child_process.js:920:16)
14 verbose stack     at Process.ChildProcess._handle.onexit (internal/child_process.js:230:5)
15 verbose pkgid SolarArray@
16 verbose cwd /Users/billykwon/Desktop/SolarArrayUI
17 error Darwin 13.4.0
18 error argv "/usr/local/bin/node" "/usr/local/bin/npm" "run" "build"
19 error node v6.11.4
20 error npm  v3.10.10
21 error code ELIFECYCLE
22 error SolarArray@ build: `webpack`
22 error Exit status 1
23 error Failed at the SolarArray@ build script 'webpack'.
23 error Make sure you have the latest version of node.js and npm installed.
23 error If you do, this is most likely a problem with the SolarArray package,
23 error not with npm itself.
23 error Tell the author that this fails on your system:
23 error     webpack
23 error You can get information on how to open an issue for this project with:
23 error     npm bugs SolarArray
23 error Or if that isn't available, you can get their info via:
23 error     npm owner ls SolarArray
23 error There is likely additional logging output above.
24 verbose exit [ 1, true ]
